<?xml version="1.0" encoding="UTF-8"?>
<!-- Generated by org.testng.reporters.JUnitReportReporter -->
<testsuite hostname="DESKTOP-VDST98U" failures="0" tests="3" name="com.crm.qa.testcases.HomePageTest" time="167.246" errors="0" timestamp="2022-06-28T11:44:32 IST" skipped="0">
  <testcase classname="com.crm.qa.testcases.HomePageTest" name="homePageTitleTest" time="69.841"/>
  <system-out/>
  <testcase classname="com.crm.qa.testcases.HomePageTest" name="usernameLabelTest" time="51.332"/>
  <system-out/>
  <testcase classname="com.crm.qa.testcases.HomePageTest" name="contactsLinkTest" time="46.073"/>
  <system-out/>
</testsuite> <!-- com.crm.qa.testcases.HomePageTest -->
