<?xml version="1.0" encoding="UTF-8"?>
<!-- Generated by org.testng.reporters.JUnitReportReporter -->
<testsuite hostname="DESKTOP-VDST98U" failures="0" tests="4" name="com.crm.qa.testcases.ContactsPageTest" time="157.604" errors="0" timestamp="2022-06-28T11:44:32 IST" skipped="0">
  <testcase classname="com.crm.qa.testcases.ContactsPageTest" name="contactsLabelTest" time="62.435"/>
  <system-out/>
  <testcase classname="com.crm.qa.testcases.ContactsPageTest" name="validateCreateNewContact" time="32.569"/>
  <system-out/>
  <testcase classname="com.crm.qa.testcases.ContactsPageTest" name="validateCreateNewContact" time="31.216"/>
  <system-out/>
  <testcase classname="com.crm.qa.testcases.ContactsPageTest" name="validateCreateNewContact" time="31.384"/>
  <system-out/>
</testsuite> <!-- com.crm.qa.testcases.ContactsPageTest -->
