<?xml version="1.0" encoding="UTF-8"?>
<!-- Generated by org.testng.reporters.JUnitReportReporter -->
<testsuite hostname="DESKTOP-VDST98U" failures="0" tests="2" name="com.crm.qa.testcases.LoginPageTest" time="91.554" errors="0" timestamp="2022-06-28T11:44:32 IST" skipped="0">
  <testcase classname="com.crm.qa.testcases.LoginPageTest" name="loginPageTitleTest" time="35.298"/>
  <system-out/>
  <testcase classname="com.crm.qa.testcases.LoginPageTest" name="logintest" time="56.256"/>
  <system-out/>
</testsuite> <!-- com.crm.qa.testcases.LoginPageTest -->
